Arguments: 
  /usr/local/bin/node /Users/rosakang/.npm-global/bin/yarn add graphpl-yoga

PATH: 
  /usr/local/bin:/usr/bin:/bin:/usr/sbin:/sbin:/Library/Apple/usr/bin:/Users/rosakang/.npm-global/bin:/Users/rosakang/.npm-global/bin

Yarn version: 
  1.22.10

Node version: 
  10.16.0

Platform: 
  darwin x64

Trace: 
  Error: https://registry.yarnpkg.com/graphpl-yoga: Not found
      at Request.params.callback [as _callback] (/Users/rosakang/.npm-global/lib/node_modules/yarn/lib/cli.js:66988:18)
      at Request.self.callback (/Users/rosakang/.npm-global/lib/node_modules/yarn/lib/cli.js:140662:22)
      at Request.emit (events.js:198:13)
      at Request.<anonymous> (/Users/rosakang/.npm-global/lib/node_modules/yarn/lib/cli.js:141634:10)
      at Request.emit (events.js:198:13)
      at IncomingMessage.<anonymous> (/Users/rosakang/.npm-global/lib/node_modules/yarn/lib/cli.js:141556:12)
      at Object.onceWrapper (events.js:286:20)
      at IncomingMessage.emit (events.js:203:15)
      at endReadableNT (_stream_readable.js:1129:12)
      at process._tickCallback (internal/process/next_tick.js:63:19)

npm manifest: 
  {
    "name": "apolo-2021",
    "version": "0.1.0",
    "private": true,
    "dependencies": {
      "@apollo/client": "^3.3.13",
      "@apollo/react-hooks": "^4.0.0",
      "@testing-library/jest-dom": "^5.11.10",
      "@testing-library/react": "^11.2.6",
      "@testing-library/user-event": "^12.8.3",
      "apollo-boost": "^0.4.9",
      "graphql": "^15.5.0",
      "react": "^17.0.2",
      "react-dom": "^17.0.2",
      "react-router-dom": "^5.2.0",
      "react-scripts": "4.0.3",
      "styled-components": "^5.2.3",
      "web-vitals": "^1.1.1"
    },
    "scripts": {
      "start": "react-scripts start",
      "build": "react-scripts build",
      "test": "react-scripts test",
      "eject": "react-scripts eject"
    },
    "eslintConfig": {
      "extends": [
        "react-app",
        "react-app/jest"
      ]
    },
    "browserslist": {
      "production": [
        ">0.2%",
        "not dead",
        "not op_mini all"
      ],
      "development": [
        "last 1 chrome version",
        "last 1 firefox version",
        "last 1 safari version"
      ]
    }
  }

yarn manifest: 
  No manifest

Lockfile: 
  No lockfile
